mktextfm ptmr7t
mktextfm ptmr7t
mktextfm ptmb7t
mktextfm nullfont
mktextfm ptmb7t
mktextfm nullfont
mktextfm ptmr7t
mktextfm pcrr7t
mktextfm ptmbi7t
mktextfm nullfont
mktextfm ptmri7t
mktextfm ptmr7t
mktextfm ptmb7t
mktextfm nullfont
mktextfm phvr7t
mktextfm phvr7t
mktextfm phvb7t
mktextfm nullfont
mktextfm ptmb7t
mktextfm nullfont
mktextfm ecrm1200
mktextfm ecrm1200
mktextfm ecrm2074
mktextfm ecrm1440
mktextfm ecrm1000
mktextfm ecrm0700
mktextfm ecrm1728
mktextfm ecbx1728
mktextfm ecbx1200
mktextfm ecrm1200
mktextfm ecrm1200
mktextfm ptmr7t
mktextfm ptmr7t
mktextfm ptmb7t
mktextfm nullfont
mktextfm ptmb7t
mktextfm nullfont
mktextfm ptmr7t
mktextfm pcrr7t
mktextfm ptmbi7t
mktextfm nullfont
mktextfm ptmri7t
mktextfm ptmr7t
mktextfm ptmb7t
mktextfm nullfont
mktextfm phvr7t
mktextfm phvr7t
mktextfm phvb7t
mktextfm nullfont
